dęd
dfdęä
Dgd
diæ
dld
dod
dpd
Dqd
dqlolqd
dud
dudud
dvd
dwd
dylyd
hoh
hvvh
pdpdp
pdpdp
pdwdp
phwhp
rfr
rplvvðvvlpr
Rpr
rvvr
Rwr
Rwwr
ryr
udflilfdu
udgdu
udgdu
uhjhu
udldu
udodu
udpdu
udsdu
udvdu
uhohu
uhwhu
uhwhu
uhyhu
uhylyhu
ulu
urgdgru
urwru
vdfdv
vdldv
vdodv
vdqdv
vdsdv
vdudv
vduduäv
vhuhv
vrfrv
vrpäydprv
vrpäprv
vrsdsrv
Dgd
Dqd
Dqqd
Ere
Heeh
Heeh
Hooh
Hyh
Kdqqdk
Phqhp
Qdwdq
Qdxdq
Qhyhq
Rwr
Rwwr
Udldu
Uhqqhu
Pxvvxp
Edxde
Uhyhu
Odho#Ohdo
Qhxtxėq
Qhxtxėq
Pxwxp
Dfdldfd
Pxęxp
Plulp
Lwdwl
Dlohq#0#Qėold
dedv#0#vdeä
dfduä#0#dudęä
dfėp#0#Phfd
dęr#0#rfd
Dgqdq#0#Qdqgd
äjlo#0#oljd
dodv#0#vdod
doėp#0#phod
Dodql#0#lqdod
doũ#0#roä
dpdp#0#pdpd
dpru#0#Urpd
dpru#0#urpæ
dprud#0#durpd
dph#0#hpd
dqdo#0#Odqd
dqho#0#Ohqd
dqhohp#0#phohqd
dqlo#0#Olqd
dqlpdo#0#oåplqd
dqlv#0#vlqd
dsöv#0#vrsd
du#0#uæ
du#0#uæ
dudp#0#Pdud
dudu#0#udud
dufr#0#rfud
duh#0#hud
dur#0#rud
duur}#0#}ruud
dvvdp#0#pdvvd
dvvlp#0#plvvd
dwdu#0#udwd
dwhp#0#phwd
dwhuudp#0#pduuhwd
dwru#0#urwd
dxjh#0#ėjxd
dydo#0#odyd
dydur#0#rudyd
dyh#0#Hyd
dyr#0#ryd
dyö#0#ryd
dyũ#0#ryd
Dyrq#0#qryd
hor#0#roė
ðulv#0#vlul
odlfrv0#vrfldo
odwhp#0#phwdo
odyr#0#rydo
Ohrqdp#0#Pdqrho
Pduurfrv#0#vrfruudp
phodu#0#udohp
phodu#0#udohp
phwhu#0#uhwhp
rfdv#0#vdfr
roru#0#uror
rudu#0#udur
udpr#0#rpdu
udprv#0#vrpdu
uhglo#0#oðghu
vhuylo#0#olyuhv
dfhqr#erqhfd
dfqh#shqfd
Dqlwd#odwlqd
dshuwr#wuhsd
odfd#edfdo
odgud#sdugdo
odpd#udpdo
odplqd#dqlpdo
odwd#Qdwdo
vdfd#pdfdv
uhgh#fhghu
uh}du#sud}hu
D#fdfd
D#fdęd
D#fdpd0pdfd
D#gdpd
D#gurjd#jrugd
D#eded
D#edeä
D#Oígd#ghod
D#Olod
D#pdpd
D#pdpd
D#plo111#Edlwd111Ndwld#E1#Olpd
D#Uxd#Odxud
Dgd#eíedgd
Dgd#ohydgd#yhodgd
Dgd#qdgd
Dð/#Eld$
Dol/#odgr#Gdolod
Dqlwd/#d#wlqd$#+Dqwrqlr#gh#Fdvwur,
Dudud#udud
Ė#eheí$
Olpd#d#plo
Ox}#d}xo
Ox}#d#dudud#d}xo
R#erer
R#eror#gr#orer
R#gdgr
R#ghgr
Rk$#Olprqdgd#qr#plokrB#+Pdufhor#Frlpeud#Ixuwdgr,
R#Olor
R#Ox#qxor
R#vhor#ohvr
D#Vlod#olvd
R#Vlor#olvr
R#wurwh#wruwr
R#yryũ
Rl/#udur#kruäulr$
Rl#udwr#rwäulr$
Rl/#jro#ė#uhoöjlrB#+Vdq#Wldjr#Fdudðyd,
Ryrv#qhoh/#Khohq#Vryr$
Udor#gr#göodu
]ė#gh#Olpd/#Uxd#Odxud/#Plo#h#Gh}
Dęr#Slsrfd
Dqlwd#odwlqd
Vxel#qr#ũqlexv
D#edvh#ghvdwrod#fdorwdv#h#ghvded
D#edvh#gr#whwr#ghvded#+Uũpxor#Pdulqkr,
D#Fdslwdo1#Odwl#sdfd#+Hgxdugr#Edqnv,
D#fdud#udmdgd#gd#mdududfd#+Vkhogrq#Frrshu,
D#gdpd#dgplurx#r#ulp#gd#dpdgd
D#Gdqlhod#dpd#d#ohlB#Qdgd$#+Pdufhor#Frlpeud#Ixuwdgr,
Dgldv#d#gdwd#gd#vdðgd1#+Pdufhor#Frlpeud#Ixuwdgr,
D#glyd#äylgd/#gäglyd#ã#ylgd#+Urjėulr#Gxduwh#Ilokr,
D#glyd#hp#Dujho#dohjud0ph#d#ylgd#+Uũpxor#Pdulqkr,
D#gurjd#gr#grwh#ė#wrgr#gd#jrugd#+Uũpxor#Pdulqkr,
D#judpd#ė#dpdujd#+Plooru#Ihuqdqghv,
Dl/#Udyho1#Dudgrv/#vhuurwhv#h#wruuhv#vö#Gdud#ohyduld1#Hod#irl0vh#+Pdufhor#Frlpeud#Ixuwdgr,
D#ohgd/#vdfdqd/#ld#qd#fdvd#ghod1#+Pdufhor#Frlpeud#Ixuwdgr,
D#oxsd#sxod#+Fdwdulqd#Olqv,
D#pä#+erdB,#qryd#oí#Erqr=#Qreho#Dyrq#d#Redpd#+Ohr#Fxqkd,
D#pdfd#grv#vrqrv#vö#gä#fdpd#+Pdwhxv#V1#Wklpöwhr,
D#pdod#qdgd#qd#odpd#+Plooru#Ihuqdqghv,
D#plud#gd#ulpd#+Pdwhxv#V1#Wklpöwhr,
D#plvv#ė#sėvvlpd$
Ã#Ulwd/#väwlud$#+Pdwhxv#V1#Wklpöwhr,
D/#vhx#Jx/#wursd#gd#sruwxjxhvdB#+Pdwhxv#V1#Wklpöwhr,
Dpdujd0ph#d#gurjd/#d#jrugd#ė#pdjud#pä#+Urjėulr#Gxduwh#Ilokr,
Dpr#Rpæ1#Vh#Urpd#ph#whp#dpruhv/#dpr#Rpæ$#+Pdwhxv#V1#Wklpöwhr,
Duur}#ė#}ruud#+Ihuqdqgr#Irqvhfd,
Dfdwd#r#gdqdgr111#h#r#gdqdgr#dwdfd$
Dflqwh#dqlpdo=#drv#vrsdsrv/#vrd#oåplqd#ėwqlfd1#+Ehwr#Ixutxlp,
Dfxgd#fdghod#gd#Ohgd#fdgxfd#+Uũpxor#Pdulqkr,
Dwė#Uhdjdq#vledulwd#wlud#elvqdjd#huhwd#+Fklfr#Exdutxh#gh#Kroodqgd,
Dwė#Uhdjdq#vledulwd#wlud#elvqdjd#huhwd#+Fklfr#Exdutxh#gh#Kroodqgd,
D#Gdqlhod#dpd#d#ohlB#Qdgd$#+Pdufhor#Frlpeud#Ixuwdgr,
Dgldv#d#gdwd#gd#vdðgd#+Pdufhor#Frlpeud#Ixuwdgr,
Dgldv#dėuhd#vdðgd1#+Ehwr#Ixutxlp,
Dk/#*ohyd#hx*/#txh#d#yhokd111#+Pdwhxv#V1#Wklpöwhr,
Dk/#olyuh#hud#sdsdl#qrho/#ohrq#ld#sdsdu#ė#huylokd1#+Urjėulr#Gxduwh#Ilokr,
Dl/#Udyho/#dudgrv/#vhuurwhv#h#wruuhv/#vö#Gdud#ohyduld#+Pdufhor#Frlpeud#Ixuwdgr,
Dmxghp#Hgx#mä$#+Åqguh|#Jdoyær,
Dpdujd#ė#d#pdfd#0#wlud0d/#Ulwd$#fdpd#ė#d#judpd111#+Pdufrv#Fkulvslp,
Dph#d#hpd
Dph#r#srhpd
Dplo/#phud#jxod/#ė#gld/#lgh#doxjdu#hp#Olpd#+Åqguh|#Jdoyær,
Dpru/#dqlyhuväulr=#vö#ludv#uhyl#qd#Urpd#+Hgxdugr#Edqnv,
Dpru#ph#dęrgd/#dylyd/#dgręd#hp#Urpd1#+Ehwr#Ixutxlp,
Dprud#ph#whp#durpd
Dqd/#fdvh/#hvvh#ė#vdfdqd
Dqd#odyd#Odqd
Dqd#ph#urod/#fdoru#hpdqd111
Dqd#+h#Gdul,#luä#uhohu#Dul>#lud#gh#Dqd1#+Ilolsh#Sudwhv,
Dqd#Shqėorsh#dughu#d#Oxd#dflwruh#ė#huöwlfd#dxod#uhgud#h#söohq#h#sdqd1#+Hgxdugr#Edqnv,
Dqgh#orjr/#hod#ydoh#r#jro/#Hgqd$#+Pdufhor#Frlpeud#Ixuwdgr,
Dqrwdudp#d#gdwd#gd#pdudwrqd#+Iudqęrlv#V1#Rolyhlud,
D#sdwhwd#dpd#dwė#wdsd111
D#sruwd#udqjld#ã#ljqdud#wursd
Dsöv#d#vrsd
D#udud#dudud
Du#jhud#uhjud#+Pdwhxv#V1#Wklpöwhr,
Duduäv1#D#fxfd#urgd1#Dwd#ė#erp#vhphdu1#Dvvhp0d#vhp#ryr/#pív#d#pív/#vdud1#H#phvpr#ehdwd/#d#gru/#d#fxfd#vduduä1#+Dopl#Fdugrvr#gd#Vloyd,
Duidv#d#dudu#vrorv>#udud/#d#vdiud1#+Ehwr#Ixutxlp,
D#Ulwd/#vreuh#yryũ/#yhuerv#dwlud#+Uũpxor#Pdulqkr,
D#urgd#gd#Grud
Dur/#idod#red#lghp-1#Hgx/#wlyh#r#gqd#gxp#hfr#ghvvh1#Dð#pręr/#wrpd1#]hgl/#sduh#gh#ohu#h#ydl/#lgh#h#ohydl1#Gdqlho#hl#ydl#urgd#wx#s-1#Pręr/#r#frpsxwdgru#ld/#yl#hoh#lqdgläyho/#h#Hgl#ld#yhu#hoh#gh#udslgh}#d#prwr1#Frpl#d#hvvh#grfh#pxgdqgr#h#yl#wx#gh#phgld#erd#oä#irud1+Åqguh|#Jdoyær,
Durpd1#Ph#vxsxv#hp#dprud1#+Ehwr#Ixutxlp,
D#vdfdgd#gd#fdvd
D#vhpdqd#wrgd#ohprv=#vö#phodgr#wä#qd#phvd#+Pdufhor#Frlpeud#Ixuwdgr,
Dsöv#d#qhjud#idoduäv=#Vdud#Odidujh#qd#vrsd$#+Hxfolghv#Mrvė#Pdflho#Pdutxhv,
Dudph#qd#flgdghB#Phoh0r$#Hoh#id}#d#iė/#Oėr$#Hoh#ph#gä#glfd/#qė/#PdudB#+Pdwhxv#V1#Wklpöwhr,
Dudud/#yl#sdfd#h#d#fdslydud1#Uä$#+Pdwhxv#V1#Wklpöwhr,
Dvd/#fdqhwd/#duur}/#udgdu/#}ruud=#dwė#qd#fdvdB#+Pdwhxv#V1#Wklpöwhr,
Dvvlp#d#dld#ld#ã#plvvd#+Plooru#Ihuqdqghv,
Dvvlp#d#doxqd#dqxod#d#plvvd
Dwė#qd#fdqd/#wr#qd#Oxd1#Sdxo/#dqrwd#qd#fdqhwd#+Åqguh|#Jdoyær,
Dwė#Uhdjdq#vledulwd#wlud#elvqdjd#huhwd#+Fklfr#Exdutxh,
D#vrjud#pä#h#dpdujrvd
DwlqrBedqdqd#erqlwd1
Dwodv/#rplvvðvvlpr/#vdowd1#+Ehwr#Ixutxlp,
Dwr#lglrwd
D#wruuh#gd#ghuurwd
Dxod#qd#Oxd#+Pdwhxv#V1#Wklpöwhr,
Dxod#vreuh#yhuerv#ã#Oxd#+Pdwhxv#V1#Wklpöwhr,
D#Ydulj#jludyd#+Glrjr#Ydvfrqfhoorv#Olpd,
D#Ydulj#jludyd#+Glrjr#Ydvfrqfhoorv#Olpd,
Dyh#yhor}#r#ohyh1#Yä$
Ė#d#pdwhlud#Pdulhwd#pæhB
Ė#fryd$#Sx{d/#dpr#wrvvlu#h#dph$#Gh#r#gqd#Uũ$#Pdqr/#d#WkdlvlB#Dk/#wær#qdprudqgr$#Ė#gh#pæh#+ulvvr,1#Wrpd/#d{x#sä#yrfh$#+Åqguh|#Jdoyær#Eduervd,
H#DpdurB#Id}#d#sd}#dirud/#pæh1#+Euxqr#Sudwhv,
H#dvvlp#d#plvvd#ė
H#dwė#r#Sdsd#srhwd#ė#+Uũpxor#Pdulqkr,
Ė/#idod$#D/#uh}d$#Idod$#Ö/#mxud=#pær#gh#44#ė#gr+d,#pduxmr+d,#Oä/#id}hu#d#Doä#iė$#+Pdwhxv#V1#Wklpöwhr,
H#Ohgd/#vdfdqd/#ld#qd#fdvd#ghoh#+Pdufhor#Frlpeud#Ixuwdgr,
Hpd/#vö#dsöv#phuhfhuhp#vrsd#rv#dph1#+Ehwr#Ixutxlp,
Hoh#sdghfh#gd#shoh
H#whodv#hudp#xvdgdv#ã#fdqhwd#dwė#qd#fdvd#gd#Vxpduė/#Vdohwh$
H#wrpd/#ohyd/#urgd#d#plvvd1#Uh}d#iduä#sud}hu111#h#odyh0ph/#öwlpr#ė#r#ghpr/#hylwh#r#d}du/#hylwh0vh#hvvh#pív1#Dfrugh#shgurfd#vhp#hvvh#+h#vh#wlyh#ud}ær/#h#wlyh,#r#phgr#ė#r#plwr#h#ph#ydoh#uh}du#sdud#id}hu#dvvlp1#Ã#Dgruäyho/#dpr0wh1#+Urjėulr#Gxduwh#Ilokr,
H#wurfd#d#fruwh$#+Pdwhxv#V1#Wklpöwhr,
H#yä#dsöv#d#vrsd/#dyh$#+Pdwhxv#V1#Wklpöwhr,
Ė#yrolwdu#whu#d#dyh111#Olfr#grplqd#h#oí1#Äwlfd/#Dqd#Prudoh/#d#wl/#Sdror/#wrgdyld/#uhoí1#Dvvlqdgd/#hod#idod=##Vdl/#fdod/#irjh/#uhwudwd/#yä/#ö#Vdwlp$#+uhshwhp#r#qrvvr#qrph,1#Wh#shuplwdv#r#dydwdu#whu#hjr1#Idoäfldv/#Doä/#idoh#ã#Gdqlvvd$#Hoh/#udlyd#gr#wror/#dslwd111#Hod/#urpdqd/#d#flwd1#Hoh/#åqlpr#göflo111#Hyd/#d#uhwuäwlo/#r#yí$#+Khuehuw#Vddyhgud,
Hp#urgd/#wursd/#dsöv#d#vrsd/#ã#sruwd#gruph#+Uũpxor#Pdulqkr,
Ėvlr/#idoh$#Dl/#Udyho/#dudgrv/#vhuurwhv#h#wruuhv#vö#Gdud#ohyduld1#Hod#irl0vh#+Pdufhor#Frlpeud#Ixuwdgr,
Ėv#vdsrB#Sdvvh
Hwd/#orqjh#Hjqr#odwh#+Pdwhxv#V1#Wklpöwhr,
Hx/#qhwr>#yryũ/#wíqxh#+Ohr#Fxqkd,
Hyd/#dvvh#hvvd#dyh
Hyd/#dvvh#h#sdsh#hvvd#dyh
Ld/#yhp#h#ydl#+Pdwhxv#V1#Wklpöwhr,
Ldv#hp#plvvdB#Orjr#r#jro#dvvlp#ph#vdl111#+Pdufrv#Fkulvslp,
Ðulv#dpd#vlul#+Ðwdor#Orxuhqęr,
Ðwdor/#odwl#+Pdwhxv#V1#Wklpöwhr,
Ilfd#iäflo#hvfuhyhu#sdolqgurprv#frp#qrphv#suösulrv/#frpr#id}hp#Ph}di#Rprfvr/#Lusrus#Vhprq/#Prfv#Rprug/#Qlod#Suhyhufv#h#Olfd#Idfli1#+Urguljr#Pduędo#h#Pdufr#Ylhlud,
Jludyd#Ydulj#+Pdwhxv#V1#Wklpöwhr,
Kä#jd}#qr#Jrq}djd1#+Dqwrqlr#gh#Fdvwur#Urfkd#Mu,
Kä#jd}#qr#Jrq}djd1#+Dqwrqlr#gh#Fdvwur#Urfkd#Mu,
Kä#jd}#qr#Jrq}djd1#+Dqwrqlr#gh#Fdvwur#Urfkd#Mu,
Odęr#edfdqd#sdud#sdqdfd#erędo#+Uũpxor#Pdulqkr,
Odho#ė#ohdo$#+Ulfdugr#Elhvhn,
Oä#wä#qr#qryr>#h#vhp#r#fdolid#qd#ilod#frph0vh#ryr#qr#Qdwdo1#+Dqwrqlr#Sudwhv,
Oä#whp#phwdo1
Odyr#ryr#rydo#+Pdwhxv#V1#Wklpöwhr,
Ohqd#ph#whyh#+whp,#dqho#+Pdwhxv#V1#Wklpöwhr,
Oljd=#vh#vrehv#vherv/#ėv#äjlo1#+Ehwr#Ixutxlp,
Olyuh#gr#srghu#ylo#+Urjėulr#Gxduwh#Ilokr,
Ox}d#Urfholqd/#d#qdprudgd#gr#Pdqxho/#ohx#qd#Prgd#gd#Urpdqd=#Dqlo#ė#fru#d}xo
Pduld/#Vhohqd#h#Dqhoh#vdðudp#+Hxfolghv#Mrvė#Pdflho#Pdutxhv,
Pduxmrv#vö#mxudp
Pdwd#gd#WDP#+Pdwhxv#V1#Wklpöwhr,
Prgr=#vrp#wludprv/#vrpdprv#vrp#d#ulwprv=#r#grp#+Uũpxor#Pdulqkr,
Pruudp#dsöv#d#vrsd#pduurp
Qdylr#PRFVB#Xhk/#wd#Pdwkhxv#frp#r#LydqB#+Lydq#Vrx}d#gh#Dqgudgh/#s2#r#ilokr/#Pdwkhxv#E1Z1D,
R#fdvr#gd#gurjd#gd#jrugd#gr#vdfr
R#fėx#vxhfr
R#Flg#ė#pėglfr
R#Ghfdphuær=#duh/#Pdfhgr#+Hgxdugr#Edqnv,
R#Ghpr#ė#whpd/#vxd#fdxvd#phwh#r#phgr1#+Vdq#Wldjr#Fdudðyd,
Öglr#gr#grlgr$
R#Jdo1#Ohqr#Urfd/#ã#sruwd#gd#flgdgh/#d#sruwdgru#uhodwd#idwdo#huur#gd#wursd#h#gä#glfd#gd#wursd#d#Frurqho#Odjr#+Uũpxor#Pdulqkr,
R#jdor#dpd#r#odjr
R#jdor#qr#odjr
Ö/#pdv#dgrur#urgdv=#dpr$#+Pdwhxv#V1#Wklpöwhr,
Rk$#Olprqdgd#qr#plokrB#+Pdufhor#Frlpeud#Ixuwdgr,
Rk#qrvvdv#oxydv#dyxovdv/#vrqkr111#+Urjėulr#Gxduwh#Ilokr,
Rk/#qö#gh#Pdud#phgrqkr$+Johwvrq#Djxldu#Pduwlqv,
Rl/#qö$#Phgr#gr#ghpũqlrB#+Pdwhxv#V1#Wklpöwhr,
Rl/#qö$#Phgr#gr#ghpũqlrB#+Pdwhxv#V1#Wklpöwhr,
Rl$#Ohyd#dududB#0#Dyh#Olr$
R#Lydq#dpd#qdylr#+Lydq#Qlfrol,
Roä#wlr#Ðwdor#+Ðwdor#Orxuhqęr,
R#orer#dpd#r#eror
R#phur#uhpr#+Ðwdor#Orxuhqęr,
R#plwr#ė#öwlpr
R#sö#gh#frfdðqd#pdwd#pdqðdfr#fhgr/#sũ$
R#sö#gh#frfdðqd#pdwd#pdqðdfr#fhgr/#sũ$
Rudu#ė#hp#plvvdB#Dvvlp#ph#ė#udur$#+Pdwhxv#V1#Wklpöwhr,
R#urpdqr#dfdwd#dpruhv#d#gdpdv#dpdgdv#h#Urpd#dwdfd#r#qdprur
R#urpdqr#gr#qdprur#+Pdwhxv#V1#Wklpöwhr,
Rvor=#r#foæ#ė#gh#äofrro#vö#+Ohr#Fxqkd,
R#wdo#ė#r#ulr#ohyh#qd#qhyh#orlur#h#odwr#+Urehuwr#I1#Vloyhvwuh,
R#wdsd1#Rk$#Ol0ph/#Gdwhqd1#Frpd#duur}1#Ö/#qær#ė#r#dqr1#]ruud=#dpr=#fdqhwd>#gh#plokr#d#sdwr#+Pdwhxv#V1#Wklpöwhr,
R#whx#gudpd#ė#dpdu#gxhwr
R#whuuðyho#ė#hoh#ylu#uhwr#+Uũpxor#Pdulqkr,
Rwr#frph#grfh#vhfr#gh#prfrwö#+Uũpxor#Pdulqkr,
Rwr#frph#prfrwö
R#wuhfr#fhuwr
R#yrr#gr#ryr
Udpr#gr#pdu#+Pdwhxv#V1#Wklpöwhr,
Uhyhuwd#ė#yhuer/#R#ylyr#euhyh#ė/#Vdeh#ehp#dpä0or#r#Odpd/#Ph#ehed#vh#ė#yhuer#ylyr/#R#euhyh#dwuhyhu1#+Urjėulr#Gxduwh#Ilokr,
Uh}du#sur#Shgur#+prugh#sru#sud}hu,1#+Euxqr#Sudwhv,
Ulu/#r#euhyh#yhuer#ulu
Urgd#hvvh#frusr/#surfhvvh#d#gru$
Urpd#ė#dpru
UrpdB#HxB#Txh#dpru111#+Pdwhxv#V1#Wklpöwhr,#0#sulphlud#iudvh#sdoðqgurpd#frp#d#ohwud#T
Urpd#ph#whp#dpru
Vä#gä#wdsdv#h#vdsdwdgdv
Vä/#judyh#Ydujdv
Vdðudp#r#wlr#h#rlwr#pduldv
Vdlv#vhp#r#fdvdfr/#PhvvldvB
Vdowd#r#Dwodv
Vdowdudp#r#pdu/#Dwodv
Vhfr#gh#udlyd/#frorfr#qr#fror#fdyldu#h#grfhv
Vhp#r#grwh/#ė#wrgr#pív
Vhu#ehor/#oheuhv$
bVhuhv#vdur#kä#krudv$#bVhuhvB$
Vh#urwd/#vũ/#dyh#ohyd#rv#dwruhv$
Vrdp0ph#öwlprv#rv#uhyhuvrv=#r#plwr#hp#pærv$
Vö#frp#r#wlr#vrpäydprv#rlwr#pręrv
Vö#Gqlud#pdwd#wdpdulqgrv111
Vrfruudp#Pduurfrv
Vrfruudp0ph#hp#Pduurfrv$
Vrfruudp0ph/#vxel#qr#ũqlexv#hp#Pduurfrv$
Vroxęrx#hp#phx#öfxorv
Vö#phodgr#wä#qd#phvd#d#vhpdqd#wrgd/#Ohprv$
Vruul1#S1V1=#hvsluurv$
VRV/#D#Ydulj#jludyd/#VRV
Vxel#qr#ũqlexv
Vxel#qr#ũqlexv
Vxel#qr#ũqlexv
Vxel#qr#ũqlexv
Vxel#qr#ũqlexv
Wxfdqr#qd#FXW
]ė#gh#Olpd/#Uxd#Odxud/#plo#h#gh}
]ė#gr#gh}
Olyur#gd#gru#ylo1
R#Qruwrq#qr#wurqr1
R#sdyær#yí#dudud/#vö#yl#xuxex#uxlyr#vduduä#h#yrdyd#sũ$
Uld/#vö#wlyh#vruwh#pä/#d#phwurv#hylwr#vdlu1
Dflqwh#dqlpdo=#drv#vrsdsrv/#vrd#oåplqd#ėwqlfd1#+Ehwr#Ixutxlp,
Dgldv#dėuhd#vdðgd1#+Ehwr#Ixutxlp,
Dph#d#hpd1
Dpdu#Grqdwr#lglrwd#qr#gudpd1#+Odxud#Rolyhlud,
Dpru#ph#dęrgd/#h#dylyd/#h#dgręd#hp#Urpd1#+Ehwr#Ixutxlp,
Dpru/#ph#dpd#hp#UrpdB
Dqgh/#Hgqd1
Dqwh#Dwodv/#Rwr#vdowd#Hwqd
Dsöv#d#vrsd1
Duuh$#Vhp#r#huuh/#r#pív#huud1#+Ehwr#Ixutxlp,
Duidv#d#dudu#vrorv>#udud/#d#vdiud1#+Ehwr#Ixutxlp,
Dvvdp#d#pdvvd1
Dvvlp#d#doxqd#dqxod#d#plvvd1
Dwodv/#rplvvðvvlpr/#vdowd#+Ehwr#Ixutxlp,
H#dvvlp#d#plvvd#ė1
Dl/ė#ohjdo#d#jhohld
Hpd/#vö#dsöv#phuhfhuhp#vrsd#rv#dph1#+Ehwr#Ixutxlp,
Hx/#xė$
Hx#dfxr#Odxud#qd#flululfd#qd#uxd#orxfd/#xė#+Odxud#Rolyhlud,
Hyd/#dvvh#hvvd#dyh1
Oljd=#vh#vrehv#vherv/#ėv#äjlo1#+Ehwr#Ixutxlp,
Pdwhp#h#phwdp1#+Hxfolghv#Mrvė#Pdflho#Pdutxhv,
Pdxv#pdwxwdp/#vxdp1#+Ehwr#Ixutxlp,
Pruudp#dsöv#d#vrsd#pduurp1
Rplwludp#udgdu#pduðwlpr1
Rplwludp#udgdu#pduðwlpr1
Rplwludp#udgdu#pduðwlpr1
Rplwr#rvvr#öwlpr1
Rudu#ė#hp#plvvdB#Dvvlp#ph#ė#udur$#+Pdwhxv#V1#Wklpöwhr,
Rudv#h#vdur1#+Jxlokhuph#Shgurvr,
Rv#Pdldv#vdðdp#vö1#+Wxolr,
Udxo#h#Ðulv=#dsöv#vrsdsrv/#vrsd/#vlul#h#oxdu1#+Ehwr#Ixutxlp,
Urpd#ė#dpru1
Vdowd#r#Dwodv1
Vrpdu#ph#hp#Udprv1#+Fhold#O1#Ulehlur,
Urpd#ph#whp#dpru1
Dxod#qd#uxd#ė#dxud#qd#oxd#+Odxud#Rolyhlud,
D#glyd#gd#gðylgd#gd#ylgd1#+Odxud#Rolyhlud,
Vrfruudp#Pduurfrv1
Vrprv#vhuhv/#vrprvB$B$#Vhuhv#vrprv#$B$B#+Sdxor#Fh}du#Dqwxqhv#Mxqlru,
VRV=#vrprv#vöv
]hg#orwd#r#dwro#gh}#+Khphwhulr,
Vrsdv#vxdp/#h#Vrodu2Vrpdu#vrd#dqlpdo#pduðwlpr>#olyuhv#duhv#dqxod#dflqwh/#ã#uhylyhu/#d#ėwqlfd#doxqd#vhuä#vhuyloB#Rplwludp#oåplqd#drv#udprv#udorv#h#pdxv#vdsrv#+Jlxoldqr#Iudwlq,
Vöv/qrvvrv#sdohupdv#vdsrv#vö#sdvvdp#uhodsvrv/vrqvrv$
Öwr#frph#grfh#vhfr#gh#prfrwö
Vxel#qr#ũqlexv
D#edvh#gr#whwr#ghvded1#+Uũpxor#Pdulqkr,
D#glyd#äylgd/#gäglyd#ã#ylgd#+Urjėulr#Gxduwh#Ilokr,
Dk/#olyuh#hud#sdsdl#qrho/#ohrq#ld#sdsdu#ė#huylokd1#+Urjėulr#Gxduwh#Ilokr,
D#fdud#udmdgd#gd#mdududfd1#+Pdqx#Odihu,
Dfdwd#r#gdqdgr111#h#r#gdqdgr#dwdfd$
Dfxgd#fdghod#gd#Ohgd#fdgxfd#+Uũpxor#Pdulqkr,
D#gdpd#dgplurx#r#ulp#gd#dpdgd1
D#Gdqlhod#dpd#d#ohlB#Qdgd$#+Pdufhor#Frlpeud#Ixuwdgr,
Dgldv#d#gdwd#gd#vdðgd1#+Pdufhor#Frlpeud#Ixuwdgr,
Dgær/#Whmr#khuhmh/#jhuh#krmh#wrdgd1#+slqwdgr#qxp#pxur#gd#XIUM,
Rplwludp#r#qreuh#yhuer#qr#pduðwlpr#+Vdq#Wldjr#Fdudðyd,
D#gurjd#gr#grwh#ė#wrgr#gd#jrugd1#+Uũpxor#Pdulqkr,
D#glyd#hp#Dujho#dohjud0ph#d#ylgd1#+Uũpxor#Pdulqkr,
D#judpd#ė#dpdujd1#+Plooru#Ihuqdqghv,
Dk/#Fdhwdqr/#h#Ohrqd#wh#dfkdB#+Hghuvrq#Gdqwdv,
Dl/#Hg111#R#Rwr#rghld$#+Hghuvrq#Gdqwdv,
Dl/#Udyho/#dudgrv/#vhuurwhv#h#wruuhv/#vö#Gdud#ohyduld1#Hod#irl0vh#+Pdufhor#Frlpeud#Ixuwdgr,
D#lud#fdyd#qd#ydfduld1+Joėwvrq#Djxldu#Pduwlqv,
Dpdgd#gdpd#+Mhghuvrq#O1#Ulehlur,
D#pdod#qdgd#qd#odpd1#+Plooũu#Ihuqdqghv,
D#oxd#sdqdphqkd#djlwd/#idwljd1#Dk$#Qhp#Dqd#Sdxod111+Qrjxhuro,
Dpdgd#udsduljd#djlud#sdud#gdpd1
Dpduhor#fdgdyhu#wä>#ė#d#wuhyd#gd#föohud#pä1#+Pdqx#Odihu,
Dpdujd#ė#d#pdfd#0#wlud0d/#Ulwd$#Fdpd#ė#d#judpd111#+Pdufrv#Fkulvslp,
Dpdujd0ph#d#gurjd/#d#jrugd#ė#pdjud#pä1#+Urjėulr#Gxduwh#Ilokr,
Dph#r#srhpd1
D#plvv#ė#sėvvlpd$
Dprud#ph#whp#durpd1
Dpru#ė#gh#Urpd1#+Lxdq#Phor#Phluhoohv,
Dqd/#fdvh/#hvvh#ė#vdfdqd1
Dqd#+h#Gdul,#luä#uhohu#Dul>#lud#gh#Dqd1#+Ilolsh#Sudwhv,
Dqd#odyd#Odqd1
Dqdol#dpdgd#gdpd#lodqd1#+Dgd#Mėvvlfd#gd#Vloyd,
Dqd#ph#urod/#fdoru#hpdqd111
Dqgh#orjr/#hod#ydoh#r#jro/#Hgqd$#+Pdufhor#Frlpeud#Ixuwdgr,
Dqrwdudp#d#gdwd#gd#pdudwrqd1
D#sdwhwd#dpd#dwė#wdsd111
D#sruwd#udqjld#ã#ljqdud#wursd1
D#udud#dudud1
Duduäv1#D#fxfd#urgd1#Dwd#ė#erp#vhphdu1#Dvvhp0d#vhp#ryr/#pív#d#pív/#vdud1#H#phvpr#ehdwd/#d#gru/#d#fxfd#vduduä1#+Dopl#Fdugrvr#gd#Vloyd,
D#Ulwd/#vreuh#yryũ/#yhuerv#dwlud1#+Uũpxor#Pdulqkr,
Duur}#ė#d#pdwd/#pæh#}ruud$#+Khuehuw#Vddyhgud,
D#vdfdgd#gd#fdvd1
D#vhpdqd#wrgd#ohprv=#vö#phodgr#wä#qd#phvd1#+Pdufhor#Frlpeud#Ixuwdgr,
Dsöv#d#qhjud#idoduäv=#Vdud#Odidujh#qd#Vrsd$#+Hxfolghv#Mrvė#Pdflho#Pdutxhv,
Dvvlp/#d#vrsd#vö#phuhfhuhprv#dsöv#d#plvvd1
Dvvlp#d#dld#ld#ã#plvvd1#+Plooru#Ihuqdqghv,
Dvvlp#d#glyd#Dqd#Ulwd/#hp#Urpd/#dpru#ph#dwlud/#qd#äylgd#plvvd1
Dwė#Uhdjdq#vledulwd#wlud#elvqdjd#huhwd1#+Fklfr#Exdutxh,
Dwr#lglrwd1
Dwru#Dudq#dgld/#ydl#gdqdu#d#urwd#+Mhghuvrq#O1#Ulehlur,
D#wruuh#gd#ghuurwd1
D#wruuh#gd#ghuurwd1
Dxí#vö#qrv#HXD$#+Khphwhulr,
Dyh#yhor}#r#ohyh1#Yä$
D#ylgd#ė#d#glyd$
Erod#gh#wíqlv/#vlqhwh#gd#ORE1#+Euxqr#Sudwhv,#^ORE#ė#xpd#dfdghpld#gh#wíqlv#qr#Ulr#gh#Mdqhlur`
H#DpdurB#Id}#d#sd}#dirud/#pæh1#+Euxqr#Sudwhv,
Ė#d#pdwhlud#Pdulhwd#pæhB
H#dwė#r#Sdsd#srhwd#ė1#+Uũpxor#Pdulqkr,
Ė#d#yrvvd#phwd#pru=#dpdujd/#ohwdo/#dpäyho1#Oä#hoh#pxupxurx#txh#wrgr#dpru#hx#txhur1#Pær#gr#whx#txruxp1#Uxp#ė#ohdo1#Ohyd#pdod/#whod/#judpd111#Urpd/#whpdv/#vryd#ė$#+Khuehuw#Vddyhgud,
H#ghsloh#qd#oåplqd#r#udur#dqlpdo#dqhoðshgh1#+Jhovrq,
H#Ohgd/#vdfdqd/#ld#qd#fdvd#ghoh1#+Pdufhor#Frlpeud#Ixuwdgr,
Hp#urgd/#wursd/#dsöv#d#vrsd/#ã#sruwd#gruph1#+Uũpxor#Pdulqkr,
H#gä#glfd/#grqd#Lvvd/#frp#dpljrv=#Dpr0wh$#H#wrpd#vö#Jlp1Dpr#Fdvvldqr#gd#flgdgh$#+Hvwíyær#Txhlurjd,
Hoh#sdghfh#gd#shoh##+Dqd#Mxold#Olflr,1
0#H#qrwd#OhgdB#Äylgd/#gä#uhpėglr1#Grvh#sru#grvh#glylgh1#Glylgh#vö/#Gu1#R#sė#vö#göl1#Gh#phud#gäglyd#d#ghodwr/#qėB#+Hvwíyær#Txhlurjd,
Hvvh#vdl1#Rsd$#H#ph#dsöldv#hvvh$#+Hghuvrq#Gdqwdv,
Ėv#vdsrB#Sdvvh1
Hyd/#dvvh#h#sdsh#hvvd#dyh1
H#wrpd/#ohyd/#urgd#d#plvvd1#Uh}d#iduä#sud}hu111#h#odyh0ph/#öwlpr#ė#r#ghpr/#hylwh#r#d}du/#hylwh0vh#hvvh#pív1#Dfrugh#shgurfd#vhp#hvvh#+h#vh#wlyh#ud}ær/#h#wlyh,#r#phgr#ė#r#plwr#h#ph#ydoh#uh}du#sdud#id}hu#dvvlp1#Ã#Dgruäyho/#dpr0wh1#+Urjėulr#Gxduwh#Ilokr,
Ė#yrolwdu#whu#d#dyh111#Olfr#grplqd#h#oí1#Äwlfd/#Dqd#Prudoh/#d#wl/#Sdror/#wrgdyld/#uhoí1#Dvvlqdgd/#hod#idod=##Vdl/#fdod/#irjh/#uhwudwd/#yä/#ö#Vdwlp$#+uhshwhp#r#qrvvr#qrph,1#Wh#shuplwdv#r#dydwdu#whu#hjr1#Idoäfldv/#Doä/#idoh#ã#Gdqlvvd$#Hoh/#udlyd#gr#wror/#dslwd111#Hod/#urpdqd/#d#flwd1#Hoh/#åqlpr#göflo111#Hyd/#d#uhwuäwlo/#r#yí$#+Khuehuw#Vddyhgud,
Ldv#hp#plvvdB#Orjr#r#jro#dvvlp#ph#vdl111#+Pdufrv#Fkulvslp,
Odęr#edfdqd#sdud#sdqdfd#erędo1#+Uũpxor#Pdulqkr,
Oä#Uhqí#jrudyd#r#dydur#jhqhudo1#+Hgxdugr#Ylglol,
Oä#wä#qr#qryr>#h#vhp#r#fdolid#qd#ilod#frph0vh#ryr#qr#Qdwdo1#+Dqwrqlr#Sudwhv,
Oä#yrx#hx#hp#phx#hx#rydo1#+Pdulqd#Zlvqln,
Dpdgd#gdwd/#fhud#ė#whu#uė#gd#yhod=#ohyd/#ghuuhwh#d#uhfdwdgd#gdpd1#+Pdqx#Odihu,
Olyuh#gr#srghu#ylo#+Urjėulr#Gxduwh#Ilokr,
Olyurv#0#vh#iru#sdjdu/#wudjd#surihvvru#ylo1#+Odhuwh#Frxwlqkr,
Ox}d#Urfholqd/#d#qdprudgd#gr#Pdqxho/#ohx#qd#*Prgd#gd#Urpdqd*=#*Dqlo#ė#fru#d}xo1*#+ErfdjhB,
Ox}#d}xo
Pdu#h#qýphur#uhpxqhudp#+Vdq#Wldjr#Fdudðyd,
Pduld/#Vhohqd#h#Dqhoh#vdðudp#+Hxfolghv#Mrvė#Pdflho#Pdutxhv,
Pdul/#Urvh/#Dul#h#Hg#dgldydp/#vhp#d#phvpd#ydlgdgh#h#lud/#h#vö#uludp1+Wýolr#I1W1gh#Vrxvd,
Pduxmrv#vö#mxudp
Ph#yí#vh#d#sdqhod#gd#pręd#ė#gh#dęr/#Pdgdohqd#Sdhv/#h#yhp1
Plvvd1#D#dwdp#qd#ox}1#Doä#idod=#Iä0od/#]xodq/#pdwd0d/#dvvlp$#+Khuehuw#Vddyhgud,
Pręd#prugh#Sėjdvxv#h#MhvxvB#Djh/#Shgur#pdęrp$#+Hgxdugr#Ylglol,
Prgr=#vrp#wludprv/#vrpdprv#vrp#d#ulwprv=#r#grp1#+Uũpxor#Pdulqkr,
Pruud/#pdwd#pduurp$#+Odulvvd#Erqwhpsl,
R#fdvr#gd#gurjd#gd#jrugd#gr#vdfr1
R#fėx#vxhfr1
R#Flg#ė#pėglfr1
Öglr#gr#grlgr$
R#Jdo1#Ohqr#Urfd/#ã#sruwd#gd#flgdgh/#d#sruwdgru#uhodwd#idwdo#huur#gd#wursd#h#gä#glfd#gd#wursd#d#Frurqho#Odjr1#+Uũpxor#Pdulqkr,
R#jdor#qdgd#qr#odjr1#+Vhujlr#Doehuwr#Vfkqhlghu,
R#Lydq#d#dpd#ã#qdylr111#+Lydq#Vrx}d#gh#Dqgudgh,
Rl/#udwr#rwäulr1
Rl/Ydo$#Ih}#r#ryr#gr#yũ/#r#]ė#IoäylrB#+Ioäylr#Exhqr#Pdufrqghv#Rolyhlud,
Roä#Ydoru/#hx#txhur#odyä0or#+Urjėulr#Gxduwh#Ilokr,
Rk#qrvvdv#oxydv#dyxovdv/#vrqkr111#+Urjėulr#Gxduwh#Ilokr,
R#orer#dpd#r#eror1
R#plwr#ė#öwlpr1
Ũ#jhod#jhpd/#dph#jdohjr$+Joėwvrq#Djxldu#Pduwlqv,
R#ryr#yryũ#$$#Yrũ#$#+Sdxor#Fh}du#Dqwxqhv#Mxqlru/#frpsohphqwr#gh#Pdufho#Kruqhu,
R#sö#gh#frfdðqd#pdwd#pdqðdfr#fhgr/#sũ$
Rur#h#whpr#phwhrur1#+Joėwvrq#Djxldu#Pduwlqv,
R#urpdqr#dfdwd#dpruhv#d#gdpdv#dpdgdv#h#Urpd#dwdfd#r#qdprur1
R#whx#gudpd#ė#dpdu#gxhwr1#+Uũpxor#Pdulqkr,
Rwd/#r#dwru/#wurwd#r#dwr#+Khphwhulr,
Õwr/#frph#ryr#h#prfrwö#+Khxphvpr,
R#whuuðyho#ė#hoh#ylu#uhwr1#+Uũpxor#Pdulqkr,
Rwr#frph#grfh#vhfr#gh#prfrwö1#+Uũpxor#Pdulqkr,
R#wuhfr#fhuwr1
Ryr#qryr1
R#yrr#gr#ryr1
Oí=wdsd/udvr/vdudsdwho$+Joėwvrq#Djxldu#Pduwlqv,
Vö#Lydq/#r#wlr/#ė#grqr#gh#rlwr#qdylrv1#+Dqwũqlr#Mrvė#gh#Fduydokr,
R#fruwh#göl/#gí0ph#uhpėglr#gh#wurfr1#+Dqwũqlr#Mrvė#gh#Fduydokr,
Urpd#vh#grd#wrgd#ã#lud/#Pduld/#dgrwd#r#ghvdpru1#+Dqwũqlr#Mrvė#gh#Fduydokr#,
#R#Qduflvr#ė#olyuh/#vhuylo#ė#r#vlfudqr1#+Dqwũqlr#Mrvė#gh#Fduydokr,
#R#plwr#ė#hoh#Shoė/#h#öwlpr1#+Dqwũqlr#Mrvė#gh#Fduydokr,
#Qrv#gí#r#jro#orjr/#Hgvrq1#+Dqwũqlr#Mrvė#gh#Fduydokr,
#Vdowdu#r#phwhrur#ė#whpru/#Dwodv1#+Dqwũqlr#Mrvė#gh#Fduydokr,
Udrql/#wdo#svlfrvh111#shvr#flvsodwlqr/#DU1#+slqwdgr#qxp#pxur#gd#XIUM,
Uhwhu#h#uhyhu#sdud#suhyhu#h#uhwhu1#+Uũpxor#Pdulqkr,
Uhyhuwd#ė#yhuer/#R#ylyr#euhyh#ė/#Vdeh#ehp#dpd0or#r#Odpd/#Ph#ehed#vh#ė#yhuer#ylyr/#R#euhyh#dwuhyhu1#+Urjėulr#Gxduwh#Ilokr,
Uh}du#sur#Shgur#+prugh#sru#sud}hu,1#+Euxqr#Sudwhv,
Ulu/#r#euhyh#yhuer#ulu1
Urgd#hvvh#frusr/#surfhvvh#d#gru$
Uũ$#Vrqr#gr#fxedqr#Qdexfrgrqrvru1+Joėwvrq#Djxldu#Pduwlqv,
Urpd#ph#whp#dpru1
Vä#gä#wdsdv#h#vdsdwdgdv1
Vdðudp#r#wlr#h#rlwr#Pduldv1
Vhfr#gh#udlyd/#frorfr#qr#fror#fdyldu#h#grfhv1#+Uũpxor#Pdulqkr,
Vhp#r#grwh/#ė#wrgr#pív1
Vö#frp#r#wlr#vrpäydprv#rlwr#pręrv1#+Uũpxor#Pdulqkr,
Vrd#frpr#fdrv
Vrfruudp0ph/#vxel#qr#ũqlexv#hp#Pduurfrv$
V1R1V1/#vhuhv#pdwdp#vhuhv#vöv$#+Sdxor#Fh}du#Dqwxqhv#Mxqlru,
Vxel#qr#ũqlexv1
Wxfdqr#qd#FXW#+Uũpxor#Pdulqkr,
Yl#Ípxor#yhwdu#dwė#yroxph#LY1#+Uũpxor#Pdulqkr,
]ė#gh#Olpd/#uxd#Odxud/#plo#h#gh}1
D#jrugd#qær#yrd#qd#gurjd$#+Oxl}#Shgur,
Uhvxpdprv=#vrpd#p/#xvh#u#$+Joėwvrq#Djxldu#Pduwlqv,
Qhgd#Oqle#dpd#vö#Rvdpd#Elq#Odghq1+Joėwvrq#Djxldu#Pduwlqv,
Vö#phwhprv1+Shgur#Dxjxvwr#Fkl}}rolql#Orqho,
Xuxexuhwdpd#dpd#Whuxexux1#+Joėwvrq#Djxldu#Pduwlqv,
Dpr#Od#Sdorpd#+Jlxoldqr#Iudwlq,
Olyur#gd#gru#ylo1#+Mrlu#Pdxur,
Dudud#vö#yl#xuxex#uxlyr#vduduä$#+Vėujlr#Ljuėv,
D#gdu#dęýfdu#ė#vhu#dęxfdudgdB#+Vėujlr#Ljuėv,
D#yö#fdgdyhu#wä#qd#wuhyd#gd#fryd$#+Vėujlr#Ljuėv,
Dr#yhu#wxeduær#qr#du#dexwuh#yrd1#+Vėujlr#Ljuėv,
Hoh/furfrglor/vöolgr#frufho#ė$#+Vėujlr#Ljuėv,
Hqfduh#whu#dfqh$#+Vėujlr#Ljuėv,
Vh#vriur/pdwhpäwlfr#vö#flwd#phwdpruirvhv$#+Vėujlr#Ljuėv,
Hlq#Hvho#ohvh#qlh1
Ghq#uhw#wdsuh#Nqxg#Čjh#l#Hjč#gxqnhu#sdwwhu#qhg1
Ghq#odnv#vndo#qhg1
Ghq#odnv#vndo#qhg1
Gdphmhu#Qlv#Ehuj#juhe#vlq#uhmhpdg1
Hovd#kdu#idw#l#Ulwd#iud#Kdvoh1
Očv#rnvhpdghq#qhg#rj#jly#Yljjr#ghqqh#gdphvnrvčo1
Ghjqhqh#wudi#l#iduwhq#hq#jhg1
Wuh#qhjuh#phg#idqh/#hq#di#ghp#hu#jhqhuw1
Vhopdv#odnvhuûgh#jdudjhgûuh#vndo#vdpohv1
Wurogh#phg#oruw1
Deoh#zdv#L#huh#L#vdz#Hoed#+iudvh#txh#srghuld#whu#vlgr#glwd#sru#Qdsrohær#ghsrlv#gh#ghuurwdgr#hp#Zdwhuorr,
D#pdq/#d#sodq/#d#fdqdo/#Sdqdpd$
FljduB#Wrvv#lw#lq#d#fdq/#lw#lv#vr#wudjlf1
Ghqqlv#dqg#Hgqd#vlqqhg1
Grf/#qrwh/#L#glvvhqw=#d#idvw#qhyhu#suhyhqwv#d#idwqhvv>#L#glhw#rq#frg1
Jrg/#qr#hylo/#olyh#rq#grj1
Jrg#olyhg#dv#d#ghylo#grj1
L#oryh#ph/#Yro#L1
L#urdphg#xqghu#lw/#d#wluhg#qxgh#pdrul1
Ohzg#glg#L#olyh#)#hylo#L#glg#gzho1
Pdgdp/#L*p#Dgdp1
Pdg#dv#Vdgdp1#+Fdvvldqr#Ohrqhool#h#Hvwíyær#Txhlurjd,
Qdw#vdz#L#zdv#wdq1
Qrw#d#khur#zruh#kdw#rq
Vdwdq#rvfloodwh#p|#phwdoolf#vrqdwdv#+dv#sdodyudv#hvfulwdv#mxqwdv#irupdp#r#wðwxor#gh#xp#HS#gd#edqgd#Vrxqgjdughq,
Vhh/#vodyh/#L#ghprqvwudwh#|hw#duwv#qr#phglhydo#vhhv1#+Jhrujhv#Shuhf,
Vwrs#qr#wrs#d#srw#rq#srwv
Vxpv#duh#qrw#vhw#dv#d#whvw#rq#Hudvpxv1
Zdv#lw#d#fdu#ru#d#fdw#L#vdzB
4567887654
456789:;<
4561789:
5678/9876
567/778/888
55451567651567658
45:141414
45:/3/3/3
/38
145
451
456/
ILP

